<?xml version="1.0" encoding="UTF-8"?>
<testsuite xmlns:xsi="http://www.w3.org/2001/XMLSchema-instance" xsi:noNamespaceSchemaLocation="https://maven.apache.org/surefire/maven-surefire-plugin/xsd/surefire-test-report-3.0.xsd" version="3.0" name="pe.edu.vallegrande.calculadora.CalculadoraTest" time="0.237" tests="12" errors="0" skipped="0" failures="0">
  <properties>
[...]
</properties>
  <testcase name="testPorcentajeNormal" classname="pe.edu.vallegrande.calculadora.CalculadoraTest" time="0.113">
    <system-out><![CDATA[
===== Iniciando prueba =====
Probando porcentaje: 25 de 200 = 12.5%
Metodo porcentaje()
Resultado del porcentaje: 12.5%
]]></system-out>
  </testcase>
  <testcase name="testSumar" classname="pe.edu.vallegrande.calculadora.CalculadoraTest" time="0.006">
    <system-out><![CDATA[
===== Iniciando prueba =====
Probando sumar: 5 + 3 = 8
Metodo sumar()
Resultado de sumar: 8
]]></system-out>
  </testcase>
  <testcase name="testMultiplicarPositivos" classname="pe.edu.vallegrande.calculadora.CalculadoraTest" time="0.005">
    <system-out><![CDATA[
===== Iniciando prueba =====
Probando multiplicar: 4 * 3 = 12
Metodo multiplicar()
Resultado de multiplicar: 12
]]></system-out>
  </testcase>
  <testcase name="testRestarPositivos" classname="pe.edu.vallegrande.calculadora.CalculadoraTest" time="0.003">
    <system-out><![CDATA[
===== Iniciando prueba =====
Probando restar: 10 - 4 = 6
Metodo restar()
Resultado de restar: 6
]]></system-out>
  </testcase>
  <testcase name="testMultiplicarConCero" classname="pe.edu.vallegrande.calculadora.CalculadoraTest" time="0.005">
    <system-out><![CDATA[
===== Iniciando prueba =====
Probando multiplicar: 4 * 0 = 0
Metodo multiplicar()
Resultado de multiplicar: 0
]]></system-out>
  </testcase>
  <testcase name="testMultiplicarNegativos" classname="pe.edu.vallegrande.calculadora.CalculadoraTest" time="0.001">
    <system-out><![CDATA[
===== Iniciando prueba =====
Probando multiplicar: -2 * 3 = -6
Metodo multiplicar()
Resultado de multiplicar: -6
]]></system-out>
  </testcase>
  <testcase name="testRestarNegativos" classname="pe.edu.vallegrande.calculadora.CalculadoraTest" time="0.001">
    <system-out><![CDATA[
===== Iniciando prueba =====
Probando restar: -5 - (-3) = -2
Metodo restar()
Resultado de restar: -2
]]></system-out>
  </testcase>
  <testcase name="testDividirPorCero" classname="pe.edu.vallegrande.calculadora.CalculadoraTest" time="0.002">
    <system-out><![CDATA[
===== Iniciando prueba =====
Probando dividir entre cero - excepcion esperada
Metodo dividir()
]]></system-out>
  </testcase>
  <testcase name="testDividirNormal" classname="pe.edu.vallegrande.calculadora.CalculadoraTest" time="0">
    <system-out><![CDATA[
===== Iniciando prueba =====
Probando dividir: 10 / 2 = 5
Metodo dividir()
Resultado de dividir: 5
]]></system-out>
  </testcase>
  <testcase name="testRaizCuadradaPositivo" classname="pe.edu.vallegrande.calculadora.CalculadoraTest" time="0.001">
    <system-out><![CDATA[
===== Iniciando prueba =====
Probando raiz cuadrada de 16 = 4
Metodo raizCuadrada()
Resultado de raiz cuadrada: 4.0
]]></system-out>
  </testcase>
  <testcase name="testRaizCuadradaNegativo" classname="pe.edu.vallegrande.calculadora.CalculadoraTest" time="0.006">
    <system-out><![CDATA[
===== Iniciando prueba =====
Probando raiz cuadrada negativa - excepcion esperada
Metodo raizCuadrada()
]]></system-out>
  </testcase>
  <testcase name="testPorcentajeDivisionPorCero" classname="pe.edu.vallegrande.calculadora.CalculadoraTest" time="0.001">
    <system-out><![CDATA[
===== Iniciando prueba =====
Probando porcentaje con total = 0 - excepcion esperada
Metodo porcentaje()
]]></system-out>
  </testcase>
</testsuite>